<?xml version="1.0" encoding="utf-8"?>
<TestRun id="c8dbc5ce-491a-4ebd-9640-1f25181663c4" name="jaysson.avendano@SWO5CD0131VG9 2023-09-14 18:25:21" runUser="DOMAIN\jaysson.avendano" xmlns="http://microsoft.com/schemas/VisualStudio/TeamTest/2010">
  <Times creation="2023-09-14T18:25:21.6913721-05:00" queuing="2023-09-14T18:25:21.6913725-05:00" start="2023-09-14T18:25:05.9535905-05:00" finish="2023-09-14T18:25:21.7391244-05:00" />
  <TestSettings name="default" id="1883e165-e89c-461d-bcdb-01095238b499">
    <Deployment runDeploymentRoot="jaysson.avendano_SWO5CD0131VG9_2023-09-14_18_25_21" />
  </TestSettings>
  <Results>
    <UnitTestResult executionId="26292e95-3594-4a41-9e94-1267938c09f6" testId="10a7e76d-8711-eb9f-85b7-64e521b7d667" testName="DotnetDemoapp_tests.LameUnitTest1.TestAThingFalse" computerName="SWO5CD0131VG9" duration="00:00:00.0042804" startTime="2023-09-14T18:25:20.8276314-05:00" endTime="2023-09-14T18:25:20.8276799-05:00" testType="13cdc9d9-ddb5-4fa4-a97d-d965ccfc6d4b" outcome="Passed" testListId="8c84fa94-04c1-424b-9868-57a2d4851a1d" relativeResultsDirectory="26292e95-3594-4a41-9e94-1267938c09f6" />
    <UnitTestResult executionId="61abdd2c-2cf1-470e-9af0-4c4603f92125" testId="1238815f-80f1-439d-cde8-39e04daa112b" testName="DotnetDemoapp_tests.LameUnitTest2.TestAThingTrue" computerName="SWO5CD0131VG9" duration="00:00:00.0043330" startTime="2023-09-14T18:25:20.8466560-05:00" endTime="2023-09-14T18:25:20.8466560-05:00" testType="13cdc9d9-ddb5-4fa4-a97d-d965ccfc6d4b" outcome="Passed" testListId="8c84fa94-04c1-424b-9868-57a2d4851a1d" relativeResultsDirectory="61abdd2c-2cf1-470e-9af0-4c4603f92125" />
    <UnitTestResult executionId="28750770-e4b8-4792-85cb-d683bc6ebc9e" testId="dab70bc9-2e08-0d32-20b5-06d18f2b0d03" testName="DotnetDemoapp_tests.class1Test.test1" computerName="SWO5CD0131VG9" duration="00:00:00.0074715" startTime="2023-09-14T18:25:20.8459862-05:00" endTime="2023-09-14T18:25:20.8459863-05:00" testType="13cdc9d9-ddb5-4fa4-a97d-d965ccfc6d4b" outcome="Passed" testListId="8c84fa94-04c1-424b-9868-57a2d4851a1d" relativeResultsDirectory="28750770-e4b8-4792-85cb-d683bc6ebc9e" />
  </Results>
  <TestDefinitions>
    <UnitTest name="DotnetDemoapp_tests.LameUnitTest1.TestAThingFalse" storage="c:\temp\dotnet-demoapp\tests\bin\debug\net6.0\tests.dll" id="10a7e76d-8711-eb9f-85b7-64e521b7d667">
      <Execution id="26292e95-3594-4a41-9e94-1267938c09f6" />
      <TestMethod codeBase="C:\Temp\dotnet-demoapp\tests\bin\Debug\net6.0\tests.dll" adapterTypeName="executor://xunit/VsTestRunner2/netcoreapp" className="DotnetDemoapp_tests.LameUnitTest1" name="TestAThingFalse" />
    </UnitTest>
    <UnitTest name="DotnetDemoapp_tests.LameUnitTest2.TestAThingTrue" storage="c:\temp\dotnet-demoapp\tests\bin\debug\net6.0\tests.dll" id="1238815f-80f1-439d-cde8-39e04daa112b">
      <Execution id="61abdd2c-2cf1-470e-9af0-4c4603f92125" />
      <TestMethod codeBase="C:\Temp\dotnet-demoapp\tests\bin\Debug\net6.0\tests.dll" adapterTypeName="executor://xunit/VsTestRunner2/netcoreapp" className="DotnetDemoapp_tests.LameUnitTest2" name="TestAThingTrue" />
    </UnitTest>
    <UnitTest name="DotnetDemoapp_tests.class1Test.test1" storage="c:\temp\dotnet-demoapp\tests\bin\debug\net6.0\tests.dll" id="dab70bc9-2e08-0d32-20b5-06d18f2b0d03">
      <Execution id="28750770-e4b8-4792-85cb-d683bc6ebc9e" />
      <TestMethod codeBase="C:\Temp\dotnet-demoapp\tests\bin\Debug\net6.0\tests.dll" adapterTypeName="executor://xunit/VsTestRunner2/netcoreapp" className="DotnetDemoapp_tests.class1Test" name="test1" />
    </UnitTest>
  </TestDefinitions>
  <TestEntries>
    <TestEntry testId="10a7e76d-8711-eb9f-85b7-64e521b7d667" executionId="26292e95-3594-4a41-9e94-1267938c09f6" testListId="8c84fa94-04c1-424b-9868-57a2d4851a1d" />
    <TestEntry testId="1238815f-80f1-439d-cde8-39e04daa112b" executionId="61abdd2c-2cf1-470e-9af0-4c4603f92125" testListId="8c84fa94-04c1-424b-9868-57a2d4851a1d" />
    <TestEntry testId="dab70bc9-2e08-0d32-20b5-06d18f2b0d03" executionId="28750770-e4b8-4792-85cb-d683bc6ebc9e" testListId="8c84fa94-04c1-424b-9868-57a2d4851a1d" />
  </TestEntries>
  <TestLists>
    <TestList name="Results Not in a List" id="8c84fa94-04c1-424b-9868-57a2d4851a1d" />
    <TestList name="All Loaded Results" id="19431567-8539-422a-85d7-44ee4e166bda" />
  </TestLists>
  <ResultSummary outcome="Completed">
    <Counters total="3" executed="3" passed="3" failed="0" error="0" timeout="0" aborted="0" inconclusive="0" passedButRunAborted="0" notRunnable="0" notExecuted="0" disconnected="0" warning="0" completed="0" inProgress="0" pending="0" />
    <Output>
      <StdOut>[xUnit.net 00:00:00.00] xUnit.net VSTest Adapter v2.4.3+1b45f5407b (64-bit .NET 6.0.21)&#xD;
[xUnit.net 00:00:09.56]   Discovering: tests&#xD;
[xUnit.net 00:00:09.62]   Discovered:  tests&#xD;
[xUnit.net 00:00:09.63]   Starting:    tests&#xD;
[xUnit.net 00:00:09.79]   Finished:    tests&#xD;
</StdOut>
    </Output>
    <CollectorDataEntries>
      <Collector agentName="SWO5CD0131VG9" uri="datacollector://microsoft/CoverletCodeCoverage/1.0" collectorDisplayName="XPlat code coverage">
        <UriAttachments>
          <UriAttachment>
            <A href="SWO5CD0131VG9\coverage.opencover.xml"></A>
          </UriAttachment>
        </UriAttachments>
      </Collector>
    </CollectorDataEntries>
  </ResultSummary>
</TestRun>