<?xml version="1.0" encoding="utf-8"?>
<TestRun id="ce85aec6-ad24-4123-868a-e6eb1650f821" name="jaysson.avendano@SWO5CD0131VG9 2023-09-14 18:31:15" runUser="DOMAIN\jaysson.avendano" xmlns="http://microsoft.com/schemas/VisualStudio/TeamTest/2010">
  <Times creation="2023-09-14T18:31:15.7484996-05:00" queuing="2023-09-14T18:31:15.7484999-05:00" start="2023-09-14T18:31:05.0128008-05:00" finish="2023-09-14T18:31:15.7679073-05:00" />
  <TestSettings name="default" id="2cd47c57-f373-4324-aba2-743473359aa6">
    <Deployment runDeploymentRoot="jaysson.avendano_SWO5CD0131VG9_2023-09-14_18_31_15" />
  </TestSettings>
  <Results>
    <UnitTestResult executionId="bd82b693-ac62-4999-baed-24d4ab5553a0" testId="dab70bc9-2e08-0d32-20b5-06d18f2b0d03" testName="DotnetDemoapp_tests.class1Test.test1" computerName="SWO5CD0131VG9" duration="00:00:00.0059607" startTime="2023-09-14T18:31:15.1988081-05:00" endTime="2023-09-14T18:31:15.1988335-05:00" testType="13cdc9d9-ddb5-4fa4-a97d-d965ccfc6d4b" outcome="Passed" testListId="8c84fa94-04c1-424b-9868-57a2d4851a1d" relativeResultsDirectory="bd82b693-ac62-4999-baed-24d4ab5553a0" />
    <UnitTestResult executionId="3240481a-b147-487e-b525-d0cc21689aa1" testId="1238815f-80f1-439d-cde8-39e04daa112b" testName="DotnetDemoapp_tests.LameUnitTest2.TestAThingTrue" computerName="SWO5CD0131VG9" duration="00:00:00.0032253" startTime="2023-09-14T18:31:15.2111459-05:00" endTime="2023-09-14T18:31:15.2111459-05:00" testType="13cdc9d9-ddb5-4fa4-a97d-d965ccfc6d4b" outcome="Passed" testListId="8c84fa94-04c1-424b-9868-57a2d4851a1d" relativeResultsDirectory="3240481a-b147-487e-b525-d0cc21689aa1" />
    <UnitTestResult executionId="7694f8ad-d0e9-4243-9648-354f239e60a4" testId="10a7e76d-8711-eb9f-85b7-64e521b7d667" testName="DotnetDemoapp_tests.LameUnitTest1.TestAThingFalse" computerName="SWO5CD0131VG9" duration="00:00:00.0031959" startTime="2023-09-14T18:31:15.2109103-05:00" endTime="2023-09-14T18:31:15.2109104-05:00" testType="13cdc9d9-ddb5-4fa4-a97d-d965ccfc6d4b" outcome="Passed" testListId="8c84fa94-04c1-424b-9868-57a2d4851a1d" relativeResultsDirectory="7694f8ad-d0e9-4243-9648-354f239e60a4" />
  </Results>
  <TestDefinitions>
    <UnitTest name="DotnetDemoapp_tests.LameUnitTest1.TestAThingFalse" storage="c:\temp\dotnet-demoapp\tests\bin\debug\net6.0\tests.dll" id="10a7e76d-8711-eb9f-85b7-64e521b7d667">
      <Execution id="7694f8ad-d0e9-4243-9648-354f239e60a4" />
      <TestMethod codeBase="C:\Temp\dotnet-demoapp\tests\bin\Debug\net6.0\tests.dll" adapterTypeName="executor://xunit/VsTestRunner2/netcoreapp" className="DotnetDemoapp_tests.LameUnitTest1" name="TestAThingFalse" />
    </UnitTest>
    <UnitTest name="DotnetDemoapp_tests.LameUnitTest2.TestAThingTrue" storage="c:\temp\dotnet-demoapp\tests\bin\debug\net6.0\tests.dll" id="1238815f-80f1-439d-cde8-39e04daa112b">
      <Execution id="3240481a-b147-487e-b525-d0cc21689aa1" />
      <TestMethod codeBase="C:\Temp\dotnet-demoapp\tests\bin\Debug\net6.0\tests.dll" adapterTypeName="executor://xunit/VsTestRunner2/netcoreapp" className="DotnetDemoapp_tests.LameUnitTest2" name="TestAThingTrue" />
    </UnitTest>
    <UnitTest name="DotnetDemoapp_tests.class1Test.test1" storage="c:\temp\dotnet-demoapp\tests\bin\debug\net6.0\tests.dll" id="dab70bc9-2e08-0d32-20b5-06d18f2b0d03">
      <Execution id="bd82b693-ac62-4999-baed-24d4ab5553a0" />
      <TestMethod codeBase="C:\Temp\dotnet-demoapp\tests\bin\Debug\net6.0\tests.dll" adapterTypeName="executor://xunit/VsTestRunner2/netcoreapp" className="DotnetDemoapp_tests.class1Test" name="test1" />
    </UnitTest>
  </TestDefinitions>
  <TestEntries>
    <TestEntry testId="dab70bc9-2e08-0d32-20b5-06d18f2b0d03" executionId="bd82b693-ac62-4999-baed-24d4ab5553a0" testListId="8c84fa94-04c1-424b-9868-57a2d4851a1d" />
    <TestEntry testId="1238815f-80f1-439d-cde8-39e04daa112b" executionId="3240481a-b147-487e-b525-d0cc21689aa1" testListId="8c84fa94-04c1-424b-9868-57a2d4851a1d" />
    <TestEntry testId="10a7e76d-8711-eb9f-85b7-64e521b7d667" executionId="7694f8ad-d0e9-4243-9648-354f239e60a4" testListId="8c84fa94-04c1-424b-9868-57a2d4851a1d" />
  </TestEntries>
  <TestLists>
    <TestList name="Results Not in a List" id="8c84fa94-04c1-424b-9868-57a2d4851a1d" />
    <TestList name="All Loaded Results" id="19431567-8539-422a-85d7-44ee4e166bda" />
  </TestLists>
  <ResultSummary outcome="Completed">
    <Counters total="3" executed="3" passed="3" failed="0" error="0" timeout="0" aborted="0" inconclusive="0" passedButRunAborted="0" notRunnable="0" notExecuted="0" disconnected="0" warning="0" completed="0" inProgress="0" pending="0" />
    <Output>
      <StdOut>[xUnit.net 00:00:00.00] xUnit.net VSTest Adapter v2.4.3+1b45f5407b (64-bit .NET 6.0.21)&#xD;
[xUnit.net 00:00:07.35]   Discovering: tests&#xD;
[xUnit.net 00:00:07.39]   Discovered:  tests&#xD;
[xUnit.net 00:00:07.39]   Starting:    tests&#xD;
[xUnit.net 00:00:07.49]   Finished:    tests&#xD;
</StdOut>
    </Output>
    <CollectorDataEntries>
      <Collector agentName="SWO5CD0131VG9" uri="datacollector://microsoft/CoverletCodeCoverage/1.0" collectorDisplayName="XPlat code coverage">
        <UriAttachments>
          <UriAttachment>
            <A href="SWO5CD0131VG9\coverage.opencover.xml"></A>
          </UriAttachment>
        </UriAttachments>
      </Collector>
    </CollectorDataEntries>
  </ResultSummary>
</TestRun>